<?xml version="1.0" encoding="UTF-8"?>
<testsuites name="true" time="0" tests="4" failures="1">
  <testsuite name="Root Suite" timestamp="2021-06-05T12:58:05" tests="0" file="cypress/integration/examples/productPageTest.js" failures="0" time="0">
  </testsuite>
  <testsuite name="Product Page Test" timestamp="2021-06-05T12:58:05" tests="4" failures="1" time="0">
    <testcase name="Product Page Test Verify that that products are been displayed on the pag" time="0" classname="&quot;before all&quot; hook for &quot;Verify that that products are been displayed on the page&quot;" failure="true" error="true" success="false">
      <failure message="`cy.visit()` failed trying to load:

http://localhost:90/myWebFolders/ProductPage-Javascript

We attempted to make an http request to this URL but the request failed without a response.

We received this error at the network level:

  &gt; Error: connect ECONNREFUSED 127.0.0.1:90

Common situations why this would fail:
  - you don&apos;t have internet access
  - you forgot to run / boot your web server
  - your web server isn&apos;t accessible
  - you have weird network configuration settings on your computer

Because this error occurred during a `before all` hook we are skipping the remaining tests in the current suite: `Product Page Test`" type="CypressError"><![CDATA[CypressError: `cy.visit()` failed trying to load:

http://localhost:90/myWebFolders/ProductPage-Javascript

We attempted to make an http request to this URL but the request failed without a response.

We received this error at the network level:

  > Error: connect ECONNREFUSED 127.0.0.1:90

Common situations why this would fail:
  - you don't have internet access
  - you forgot to run / boot your web server
  - your web server isn't accessible
  - you have weird network configuration settings on your computer

Because this error occurred during a `before all` hook we are skipping the remaining tests in the current suite: `Product Page Test`
    at http://localhost:27327/__cypress/runner/cypress_runner.js:138985:23
    at visitFailedByErr (http://localhost:27327/__cypress/runner/cypress_runner.js:138344:12)
    at http://localhost:27327/__cypress/runner/cypress_runner.js:138984:11
    at tryCatcher (http://localhost:27327/__cypress/runner/cypress_runner.js:10798:23)
    at Promise._settlePromiseFromHandler (http://localhost:27327/__cypress/runner/cypress_runner.js:8733:31)
    at Promise._settlePromise (http://localhost:27327/__cypress/runner/cypress_runner.js:8790:18)
    at Promise._settlePromise0 (http://localhost:27327/__cypress/runner/cypress_runner.js:8835:10)
    at Promise._settlePromises (http://localhost:27327/__cypress/runner/cypress_runner.js:8911:18)
    at _drainQueueStep (http://localhost:27327/__cypress/runner/cypress_runner.js:5505:12)
    at _drainQueue (http://localhost:27327/__cypress/runner/cypress_runner.js:5498:9)
    at Async.../../node_modules/bluebird/js/release/async.js.Async._drainQueues (http://localhost:27327/__cypress/runner/cypress_runner.js:5514:5)
    at Async.drainQueues (http://localhost:27327/__cypress/runner/cypress_runner.js:5384:14)
From Your Spec Code:
    at Context.eval (http://localhost:27327/__cypress/tests?p=cypress\integration\examples\productPageTest.js:102:8)

From Node.js Internals:
  Error: connect ECONNREFUSED 127.0.0.1:90
      at TCPConnectWrap.afterConnect [as oncomplete] (net.js:1146:16)
  ]]></failure>
    </testcase>
  </testsuite>
</testsuites>